INFO 2019-10-23 18:51:29,734 root : Сервер доступний. Час на сервері: 2019-10-23T18:51:29.733
INFO 2019-10-23 18:51:29,734 root : Запитувана сторінка: : /health/
INFO 2019-10-23 18:51:29,734 root : Відповідь сервера місти наступні поля:
INFO 2019-10-23 18:51:29,734 root : Ключ: date, Значення: 2019-10-23T18:51:29.733
INFO 2019-10-23 18:51:29,734 root : Ключ: current_page, Значення: /health/
INFO 2019-10-23 18:51:29,734 root : Ключ: server_info, Значення: {'System': 'Linux', 'Hostname': 'archlinux', 'Arch': 'x86_64', 'Vetsion': '#1 SMP PREEMPT Fri Oct 18 00:17:03 UTC 2019'}
INFO 2019-10-23 18:51:29,734 root : Ключ: client_info, Значення: python-requests/2.22.0
INFO 2019-10-23 19:08:37,308 root : Сервер доступний. Час на сервері: 2019-10-23T19:08:37.307
INFO 2019-10-23 19:08:37,308 root : Запитувана сторінка: : /health/
INFO 2019-10-23 19:08:37,308 root : Відповідь сервера місти наступні поля:
INFO 2019-10-23 19:08:37,308 root : Ключ: date, Значення: 2019-10-23T19:08:37.307
INFO 2019-10-23 19:08:37,308 root : Ключ: current_page, Значення: /health/
INFO 2019-10-23 19:08:37,308 root : Ключ: server_info, Значення: {'System': 'Linux', 'Hostname': 'archlinux', 'Arch': 'x86_64', 'Vetsion': '#1 SMP PREEMPT Fri Oct 18 00:17:03 UTC 2019'}
INFO 2019-10-23 19:08:37,308 root : Ключ: client_info, Значення: python-requests/2.22.0
ERROR 2019-10-23 19:09:55,375 root : Не під'єднано до сервера
WARNING 2019-10-23 19:09:55,375 root : Не під'єднано до сервера
INFO 2019-10-23 19:10:08,265 root : Сервер доступний. Час на сервері: 2019-10-23T19:10:08.264
INFO 2019-10-23 19:10:08,265 root : Запитувана сторінка: : /health/
INFO 2019-10-23 19:10:08,265 root : Відповідь сервера місти наступні поля:
INFO 2019-10-23 19:10:08,265 root : Ключ: date, Значення: 2019-10-23T19:10:08.264
INFO 2019-10-23 19:10:08,265 root : Ключ: current_page, Значення: /health/
INFO 2019-10-23 19:10:08,265 root : Ключ: server_info, Значення: {'System': 'Linux', 'Hostname': 'archlinux', 'Arch': 'x86_64', 'Vetsion': '#1 SMP PREEMPT Fri Oct 18 00:17:03 UTC 2019'}
INFO 2019-10-23 19:10:08,265 root : Ключ: client_info, Значення: python-requests/2.22.0
